23-01-2017 16:27	8nm: EXIT=610 
23-01-2017 16:30	8nm: EXIT=610 
23-01-2017 16:35	8nm: EXIT=610 
23-01-2017 17:35	8nm: DONE=1 EXIT=613 
23-01-2017 18:35	8nm: DONE=1 EXIT=621 
23-01-2017 19:35	8nm: DONE=1 EXIT=13 
23-01-2017 20:35	8nm: DONE=1 EXIT=11 
23-01-2017 21:35	8nm: EXIT=8 
24-01-2017 14:35	8nm: EXIT=1 
24-01-2017 15:35	8nm: EXIT=1 
24-01-2017 16:35	8nm: EXIT=1 
24-01-2017 17:35	8nm: EXIT=1 
25-01-2017 16:35	8nm: DONE=1 	1nh: DONE=1 
25-01-2017 17:35	8nm: DONE=1 	1nh: DONE=65 PEND=77 RUN=41 
25-01-2017 17:55	1nh: DONE=151 RUN=25 EXIT=7 	8nm: DONE=1 PEND=151 RUN=35 
25-01-2017 18:15	8nm: EXIT=609 DONE=1 	1nh: EXIT=9 DONE=174 
25-01-2017 18:35	8nm: EXIT=609 DONE=1 	1nh: EXIT=9 DONE=174 
25-01-2017 18:55	8nm: EXIT=609 DONE=1 	1nh: EXIT=9 DONE=174 
25-01-2017 19:15	8nm: EXIT=609 DONE=1 	1nh: EXIT=9 DONE=174 
25-01-2017 19:35	8nm: EXIT=609 DONE=1 	1nh: EXIT=9 DONE=174 
25-01-2017 19:55	1nh: EXIT=9 DONE=174 	8nm: DONE=1 RUN=25 EXIT=1193 
25-01-2017 20:15	8nm: EXIT=1218 DONE=1 	1nh: EXIT=9 DONE=174 
25-01-2017 20:35	8nm: EXIT=1218 	1nh: EXIT=9 DONE=173 
25-01-2017 20:55	8nm: EXIT=1218 	1nh: EXIT=9 DONE=173 
25-01-2017 21:15	8nm: EXIT=1218 	1nh: EXIT=9 DONE=160 
25-01-2017 21:35	8nm: EXIT=1218 	1nh: EXIT=9 DONE=109 
25-01-2017 21:55	8nm: EXIT=1218 	1nh: DONE=34 EXIT=3 
25-01-2017 22:15	8nm: EXIT=609 
25-01-2017 22:35	8nm: EXIT=609 
25-01-2017 22:55	8nm: EXIT=609 
25-01-2017 23:15	8nm: EXIT=609 
25-01-2017 23:35	8nm: EXIT=609 
25-01-2017 23:55	8nm: EXIT=146 
26-01-2017 20:15	8nm: PEND=1 
26-01-2017 20:35	8nm: EXIT=1 RUN=1 
26-01-2017 20:55	8nm: EXIT=2 
26-01-2017 21:15	8nm: EXIT=2 
26-01-2017 21:35	8nm: EXIT=2 
26-01-2017 21:55	8nm: EXIT=2 
26-01-2017 22:15	8nm: EXIT=2 
26-01-2017 22:35	8nm: EXIT=2 
26-01-2017 22:55	8nm: EXIT=2 
26-01-2017 23:15	8nm: EXIT=2 
26-01-2017 23:35	8nm: EXIT=2 
26-01-2017 23:55	8nm: EXIT=2 
27-01-2017 00:15	8nm: EXIT=2 
27-01-2017 00:35	8nm: EXIT=1 
27-01-2017 15:15	8nm: EXIT=1 
27-01-2017 15:35	8nm: EXIT=1 
27-01-2017 15:55	8nm: EXIT=1 
27-01-2017 16:15	8nm: EXIT=2 
27-01-2017 16:35	8nm: DONE=1 EXIT=2 
27-01-2017 16:55	8nm: DONE=1 EXIT=2 
27-01-2017 17:16	8nm: DONE=1 EXIT=2 
27-01-2017 17:35	8nm: DONE=1 EXIT=2 
27-01-2017 17:55	8nm: DONE=1 EXIT=2 
27-01-2017 18:15	8nm: DONE=1 EXIT=2 
27-01-2017 18:35	8nm: DONE=3 EXIT=2 
27-01-2017 18:55	8nm: DONE=3 EXIT=2 	1nh: EXIT=1 DONE=15 RUN=132 
27-01-2017 19:15	1nh: DONE=147 EXIT=1 	8nm: DONE=3 EXIT=1 
27-01-2017 19:35	1nh: DONE=147 EXIT=1 	8nm: DONE=3 EXIT=1 
27-01-2017 19:55	1nh: DONE=147 EXIT=1 	8nm: DONE=3 EXIT=1 
27-01-2017 20:15	1nh: DONE=147 EXIT=1 	8nm: DONE=3 
27-01-2017 20:35	1nh: DONE=147 EXIT=1 	8nm: DONE=2 
27-01-2017 20:56	1nh: DONE=147 EXIT=1 	8nm: DONE=2 
27-01-2017 21:15	1nh: DONE=147 EXIT=1 	8nm: DONE=2 
27-01-2017 21:35	1nh: DONE=147 EXIT=1 	8nm: DONE=2 
27-01-2017 21:55	1nh: DONE=147 EXIT=1 	8nm: DONE=2 
27-01-2017 22:15	1nh: DONE=147 EXIT=1 	8nm: DONE=2 
27-01-2017 22:35	1nh: DONE=147 EXIT=1 	8nm: DONE=2 
27-01-2017 22:55	1nh: DONE=146 
31-01-2017 18:15	8nm: EXIT=397 DONE=1 PEND=41 RUN=186 
31-01-2017 18:35	8nm: EXIT=1482 DONE=2 PEND=179 RUN=181 
31-01-2017 18:55	8nm: DONE=2 EXIT=1842 
31-01-2017 19:15	8nm: DONE=2 EXIT=1842 
31-01-2017 19:35	8nm: DONE=2 EXIT=1842 
31-01-2017 19:55	8nm: DONE=2 EXIT=1842 
31-01-2017 20:16	8nm: DONE=2 EXIT=1842 
31-01-2017 20:35	8nm: DONE=2 EXIT=1842 
31-01-2017 20:55	8nm: DONE=2 EXIT=1842 
31-01-2017 21:15	8nm: DONE=2 EXIT=1842 
31-01-2017 21:35	8nm: DONE=2 EXIT=1842 
31-01-2017 21:55	8nm: DONE=2 EXIT=1842 
31-01-2017 22:15	8nm: DONE=1 EXIT=1566 
31-01-2017 22:35	8nm: EXIT=609 
01-02-2017 18:55	8nm: EXIT=4 PEND=637 RUN=6 
01-02-2017 19:15	8nm: EXIT=67 DONE=189 PEND=354 RUN=37 
01-02-2017 19:35	8nm: EXIT=70 DONE=532 PEND=38 RUN=7 
01-02-2017 19:55	8nm: DONE=575 EXIT=72 
01-02-2017 20:15	8nm: DONE=575 EXIT=72 
01-02-2017 20:35	8nm: DONE=575 EXIT=72 
01-02-2017 20:55	8nm: DONE=575 EXIT=72 
01-02-2017 21:15	8nm: DONE=575 EXIT=72 
01-02-2017 21:35	8nm: DONE=575 EXIT=72 
01-02-2017 21:55	8nm: DONE=575 EXIT=72 
01-02-2017 22:22	8nm: DONE=575 EXIT=72 
01-02-2017 22:35	8nm: DONE=575 EXIT=72 
01-02-2017 23:02	8nm: EXIT=14 DONE=537 
01-02-2017 23:15	8nm: EXIT=9 DONE=449 
01-02-2017 23:35	8nm: EXIT=3 DONE=109 
07-02-2017 11:35	1nh: EXIT=1 
07-02-2017 11:55	1nh: EXIT=2 
07-02-2017 12:15	1nh: EXIT=2 
07-02-2017 12:35	1nh: EXIT=2 RUN=1 
07-02-2017 12:55	1nh: EXIT=2 RUN=1 
07-02-2017 13:15	1nh: EXIT=3 
07-02-2017 13:35	8nh: EXIT=3 RUN=15 	1nh: EXIT=3 
07-02-2017 13:58	8nh: EXIT=5 RUN=13 	1nh: EXIT=3 
07-02-2017 14:18	8nh: EXIT=8 RUN=10 	1nh: EXIT=3 
07-02-2017 14:35	8nh: EXIT=8 DONE=1 RUN=9 	1nh: EXIT=3 
07-02-2017 14:55	8nh: EXIT=11 DONE=1 RUN=6 	1nh: EXIT=3 
07-02-2017 15:15	8nh: EXIT=11 DONE=1 RUN=6 	1nh: EXIT=3 
07-02-2017 15:36	8nh: EXIT=13 DONE=1 RUN=4 	1nh: EXIT=2 
07-02-2017 15:55	8nh: EXIT=14 DONE=2 RUN=2 	1nh: EXIT=1 
07-02-2017 16:14	8nh: EXIT=14 DONE=2 RUN=2 	1nh: EXIT=1 
07-02-2017 16:15	8nh: EXIT=14 DONE=2 RUN=2 	1nh: EXIT=1 
07-02-2017 16:16	8nh: EXIT=14 DONE=2 RUN=2 	1nh: EXIT=1 
07-02-2017 16:16	8nh: EXIT=14 DONE=2 RUN=2 	1nh: EXIT=1 
07-02-2017 16:16	8nh: EXIT=14 DONE=2 RUN=2 	1nh: EXIT=1 
07-02-2017 16:17	8nh: EXIT=14 DONE=2 RUN=2 	1nh: EXIT=1 
07-02-2017 16:18	8nh: EXIT=14 DONE=2 RUN=2 	1nh: EXIT=1 
07-02-2017 16:20	8nh: EXIT=14 DONE=2 RUN=2 	1nh: EXIT=1 
07-02-2017 16:28	8nh: EXIT=14 DONE=2 RUN=2 	1nh: EXIT=1 
07-02-2017 16:29	8nh: EXIT=14 DONE=2 RUN=2 	1nh: EXIT=1 
07-02-2017 16:32	8nh: EXIT=14 DONE=2 RUN=2 	1nh: EXIT=1 
07-02-2017 16:35	8nh: EXIT=14 DONE=2 RUN=2 	1nh: EXIT=1 
